[:01000002] LAUNCH snlua bootstrap
[:01000003] LAUNCH snlua launcher
[:01000004] LAUNCH snlua cmaster
[:01000004] master listen socket 0.0.0.0:2013
[:01000005] LAUNCH snlua cslave
[:01000005] slave connect to master 127.0.0.1:2013
[:01000004] connect from 127.0.0.1:46648 4
[:01000006] LAUNCH harbor 1 16777221
[:01000004] Harbor 1 (fd=4) report 127.0.0.1:2526
[:01000005] Waiting for 0 harbors
[:01000005] Shakehand ready
[:01000007] LAUNCH snlua datacenterd
[:01000008] LAUNCH snlua service_mgr
[:01000009] LAUNCH snlua main
[:01000009] Server start
[:0100000a] LAUNCH snlua debug_console 8000
[:0100000a] Start debug console at 127.0.0.1:8000
[:0100000b] LAUNCH snlua logind
[:0100000c] LAUNCH snlua logind
[:0100000d] LAUNCH snlua logind
[:0100000e] LAUNCH snlua logind
[:0100000f] LAUNCH snlua logind
[:01000010] LAUNCH snlua logind
[:01000011] LAUNCH snlua logind
[:01000012] LAUNCH snlua logind
[:01000013] LAUNCH snlua logind
[:0100000b] login server listen at : 127.0.0.1 8001
[:01000014] LAUNCH snlua gated 16777227 1 1
[:01000014] lua loader error : /root/UServer/source/service/gated.lua:5: bad argument #2 to 'tonumber' (base out of range)
stack traceback:
	[C]: in function 'tonumber'
	/root/UServer/source/service/gated.lua:5: in local 'main'
	/root/UServer/skynet/lualib/loader.lua:48: in main chunk
[:01000014] KILL self
[:01000009] init service failed: /root/UServer/skynet/lualib/skynet.lua:579: call failed
stack traceback:
	[C]: in function 'error'
	/root/UServer/skynet/lualib/skynet.lua:579: in upvalue 'yield_call'
	/root/UServer/skynet/lualib/skynet.lua:596: in function 'skynet.call'
	(...tail calls...)
	/root/UServer/source/service/main.lua:10: in local 'start'
	/root/UServer/skynet/lualib/skynet.lua:941: in function </root/UServer/skynet/lualib/skynet.lua:938>
	[C]: in function 'xpcall'
	/root/UServer/skynet/lualib/skynet.lua:945: in function 'skynet.pcall'
	/root/UServer/skynet/lualib/skynet.lua:949: in function 'skynet.init_service'
	/root/UServer/skynet/lualib/skynet.lua:962: in upvalue 'f'
	/root/UServer/skynet/lualib/skynet.lua:252: in function </root/UServer/skynet/lualib/skynet.lua:251>
[:01000009] KILL self
[:01000002] KILL self
